
> qms-frontend@1.0.0 dev
> vite --host 127.0.0.1 --port 5173


  [32m[1mVITE[22m v5.4.21[39m  [2mready in [0m[1m767[22m[2m[0m ms[22m

  [32m➜[39m  [1mLocal[22m:   [36mhttp://127.0.0.1:[1m5173[22m/[39m
[2m12:38:11 PM[22m [36m[1m[vite][22m[39m [32mvite.config.js changed, restarting server...[39m
[2m12:38:11 PM[22m [36m[1m[vite][22m[39m server restarted.
[2m12:48:27 PM[22m [36m[1m[vite][22m[39m [32mhmr update [39m[2m/src/context/AuthContext.jsx[22m
[2m12:48:36 PM[22m [36m[1m[vite][22m[39m [32mhmr update [39m[2m/src/App.jsx[22m
[2m12:48:44 PM[22m [36m[1m[vite][22m[39m [32mhmr update [39m[2m/src/components/Layout.jsx[22m
[2m12:48:52 PM[22m [36m[1m[vite][22m[39m [32mhmr update [39m[2m/src/pages/QuoteListPage.jsx[22m
[2m12:50:16 PM[22m [36m[1m[vite][22m[39m [32mpage reload [39m[2mdist/index.html[22m
[2m12:57:05 PM[22m [36m[1m[vite][22m[39m [32mhmr update [39m[2m/src/context/AuthContext.jsx, /src/pages/AnalyticsDashboardPage.jsx, /src/pages/CreateQuotePage.jsx, /src/pages/QuoteDetailsPage.jsx, /src/pages/EditQuotePage.jsx, /src/pages/QuoteListPage.jsx[22m
[2m12:57:12 PM[22m [36m[1m[vite][22m[39m [32mhmr update [39m[2m/src/pages/CreateQuotePage.jsx[22m
[2m12:57:36 PM[22m [36m[1m[vite][22m[39m [32mpage reload [39m[2mdist/index.html[22m
[2m12:57:36 PM[22m [36m[1m[vite][22m[39m [32mpage reload [39m[2mdist/index.html[22m
[2m1:01:32 PM[22m [36m[1m[vite][22m[39m [32mhmr update [39m[2m/src/context/AuthContext.jsx, /src/pages/AnalyticsDashboardPage.jsx, /src/pages/CreateQuotePage.jsx, /src/pages/QuoteDetailsPage.jsx, /src/pages/EditQuotePage.jsx, /src/pages/QuoteListPage.jsx[22m
[2m1:01:48 PM[22m [36m[1m[vite][22m[39m [32mhmr update [39m[2m/src/pages/QuoteListPage.jsx[22m
[2m1:01:55 PM[22m [36m[1m[vite][22m[39m [32mhmr update [39m[2m/src/pages/CreateQuotePage.jsx[22m
[2m1:02:10 PM[22m [36m[1m[vite][22m[39m [32mpage reload [39m[2mdist/index.html[22m
[2m1:02:10 PM[22m [36m[1m[vite][22m[39m [32mpage reload [39m[2mdist/index.html[22m
